07:03:36.517 [default-akka.actor.default-dispatcher-5] INFO  directoryWatch$ - file: C:\Users\nika.khvedelidze\Desktop\akkaStreamDirectory\src\data\Nika0.csv is being processed
07:03:36.584 [default-akka.actor.default-dispatcher-5] INFO  o.a.k.c.producer.ProducerConfig - ProducerConfig values: 
	acks = 1
	batch.size = 16384
	bootstrap.servers = [10.13.69.96:29092]
	buffer.memory = 33554432
	client.dns.lookup = default
	client.id = 
	compression.type = none
	connections.max.idle.ms = 540000
	delivery.timeout.ms = 120000
	enable.idempotence = false
	interceptor.classes = []
	key.serializer = class org.apache.kafka.common.serialization.StringSerializer
	linger.ms = 0
	max.block.ms = 60000
	max.in.flight.requests.per.connection = 5
	max.request.size = 1048576
	metadata.max.age.ms = 300000
	metric.reporters = []
	metrics.num.samples = 2
	metrics.recording.level = INFO
	metrics.sample.window.ms = 30000
	partitioner.class = class org.apache.kafka.clients.producer.internals.DefaultPartitioner
	receive.buffer.bytes = 32768
	reconnect.backoff.max.ms = 1000
	reconnect.backoff.ms = 50
	request.timeout.ms = 30000
	retries = 2147483647
	retry.backoff.ms = 100
	sasl.client.callback.handler.class = null
	sasl.jaas.config = null
	sasl.kerberos.kinit.cmd = /usr/bin/kinit
	sasl.kerberos.min.time.before.relogin = 60000
	sasl.kerberos.service.name = null
	sasl.kerberos.ticket.renew.jitter = 0.05
	sasl.kerberos.ticket.renew.window.factor = 0.8
	sasl.login.callback.handler.class = null
	sasl.login.class = null
	sasl.login.refresh.buffer.seconds = 300
	sasl.login.refresh.min.period.seconds = 60
	sasl.login.refresh.window.factor = 0.8
	sasl.login.refresh.window.jitter = 0.05
	sasl.mechanism = GSSAPI
	security.protocol = PLAINTEXT
	send.buffer.bytes = 131072
	ssl.cipher.suites = null
	ssl.enabled.protocols = [TLSv1.2, TLSv1.1, TLSv1]
	ssl.endpoint.identification.algorithm = https
	ssl.key.password = null
	ssl.keymanager.algorithm = SunX509
	ssl.keystore.location = null
	ssl.keystore.password = null
	ssl.keystore.type = JKS
	ssl.protocol = TLS
	ssl.provider = null
	ssl.secure.random.implementation = null
	ssl.trustmanager.algorithm = PKIX
	ssl.truststore.location = null
	ssl.truststore.password = null
	ssl.truststore.type = JKS
	transaction.timeout.ms = 60000
	transactional.id = null
	value.serializer = class org.apache.kafka.common.serialization.StringSerializer

07:03:36.840 [default-akka.actor.default-dispatcher-5] INFO  o.a.kafka.common.utils.AppInfoParser - Kafka version : 2.1.1
07:03:36.840 [default-akka.actor.default-dispatcher-5] INFO  o.a.kafka.common.utils.AppInfoParser - Kafka commitId : 21234bee31165527
07:03:37.185 [kafka-producer-network-thread | producer-1] INFO  org.apache.kafka.clients.Metadata - Cluster ID: 82LJLksWSM2s5JRot9lpPg
07:03:37.802 [default-akka.kafka.default-dispatcher-14] INFO  o.a.k.clients.producer.KafkaProducer - [Producer clientId=producer-1] Closing the Kafka producer with timeoutMillis = 60000 ms.
07:03:37.810 [scala-execution-context-global-17] INFO  directoryWatch$ - file: C:\Users\nika.khvedelidze\Desktop\akkaStreamDirectory\src\data\Nika0.csv is moved to C:\Users\nika.khvedelidze\Desktop\akkaStreamDirectory\src\sent\
15:22:36.373 [scala-execution-context-global-18] INFO  o.a.k.c.producer.ProducerConfig - ProducerConfig values: 
	acks = 1
	batch.size = 16384
	bootstrap.servers = [10.13.69.96:29092]
	buffer.memory = 33554432
	client.dns.lookup = default
	client.id = 
	compression.type = none
	connections.max.idle.ms = 540000
	delivery.timeout.ms = 120000
	enable.idempotence = false
	interceptor.classes = []
	key.serializer = class org.apache.kafka.common.serialization.StringSerializer
	linger.ms = 0
	max.block.ms = 60000
	max.in.flight.requests.per.connection = 5
	max.request.size = 1048576
	metadata.max.age.ms = 300000
	metric.reporters = []
	metrics.num.samples = 2
	metrics.recording.level = INFO
	metrics.sample.window.ms = 30000
	partitioner.class = class org.apache.kafka.clients.producer.internals.DefaultPartitioner
	receive.buffer.bytes = 32768
	reconnect.backoff.max.ms = 1000
	reconnect.backoff.ms = 50
	request.timeout.ms = 30000
	retries = 2147483647
	retry.backoff.ms = 100
	sasl.client.callback.handler.class = null
	sasl.jaas.config = null
	sasl.kerberos.kinit.cmd = /usr/bin/kinit
	sasl.kerberos.min.time.before.relogin = 60000
	sasl.kerberos.service.name = null
	sasl.kerberos.ticket.renew.jitter = 0.05
	sasl.kerberos.ticket.renew.window.factor = 0.8
	sasl.login.callback.handler.class = null
	sasl.login.class = null
	sasl.login.refresh.buffer.seconds = 300
	sasl.login.refresh.min.period.seconds = 60
	sasl.login.refresh.window.factor = 0.8
	sasl.login.refresh.window.jitter = 0.05
	sasl.mechanism = GSSAPI
	security.protocol = PLAINTEXT
	send.buffer.bytes = 131072
	ssl.cipher.suites = null
	ssl.enabled.protocols = [TLSv1.2, TLSv1.1, TLSv1]
	ssl.endpoint.identification.algorithm = https
	ssl.key.password = null
	ssl.keymanager.algorithm = SunX509
	ssl.keystore.location = null
	ssl.keystore.password = null
	ssl.keystore.type = JKS
	ssl.protocol = TLS
	ssl.provider = null
	ssl.secure.random.implementation = null
	ssl.trustmanager.algorithm = PKIX
	ssl.truststore.location = null
	ssl.truststore.password = null
	ssl.truststore.type = JKS
	transaction.timeout.ms = 60000
	transactional.id = null
	value.serializer = class org.apache.kafka.common.serialization.StringSerializer

15:22:36.373 [scala-execution-context-global-17] INFO  o.a.k.c.producer.ProducerConfig - ProducerConfig values: 
	acks = 1
	batch.size = 16384
	bootstrap.servers = [10.13.69.96:29092]
	buffer.memory = 33554432
	client.dns.lookup = default
	client.id = 
	compression.type = none
	connections.max.idle.ms = 540000
	delivery.timeout.ms = 120000
	enable.idempotence = false
	interceptor.classes = []
	key.serializer = class org.apache.kafka.common.serialization.StringSerializer
	linger.ms = 0
	max.block.ms = 60000
	max.in.flight.requests.per.connection = 5
	max.request.size = 1048576
	metadata.max.age.ms = 300000
	metric.reporters = []
	metrics.num.samples = 2
	metrics.recording.level = INFO
	metrics.sample.window.ms = 30000
	partitioner.class = class org.apache.kafka.clients.producer.internals.DefaultPartitioner
	receive.buffer.bytes = 32768
	reconnect.backoff.max.ms = 1000
	reconnect.backoff.ms = 50
	request.timeout.ms = 30000
	retries = 2147483647
	retry.backoff.ms = 100
	sasl.client.callback.handler.class = null
	sasl.jaas.config = null
	sasl.kerberos.kinit.cmd = /usr/bin/kinit
	sasl.kerberos.min.time.before.relogin = 60000
	sasl.kerberos.service.name = null
	sasl.kerberos.ticket.renew.jitter = 0.05
	sasl.kerberos.ticket.renew.window.factor = 0.8
	sasl.login.callback.handler.class = null
	sasl.login.class = null
	sasl.login.refresh.buffer.seconds = 300
	sasl.login.refresh.min.period.seconds = 60
	sasl.login.refresh.window.factor = 0.8
	sasl.login.refresh.window.jitter = 0.05
	sasl.mechanism = GSSAPI
	security.protocol = PLAINTEXT
	send.buffer.bytes = 131072
	ssl.cipher.suites = null
	ssl.enabled.protocols = [TLSv1.2, TLSv1.1, TLSv1]
	ssl.endpoint.identification.algorithm = https
	ssl.key.password = null
	ssl.keymanager.algorithm = SunX509
	ssl.keystore.location = null
	ssl.keystore.password = null
	ssl.keystore.type = JKS
	ssl.protocol = TLS
	ssl.provider = null
	ssl.secure.random.implementation = null
	ssl.trustmanager.algorithm = PKIX
	ssl.truststore.location = null
	ssl.truststore.password = null
	ssl.truststore.type = JKS
	transaction.timeout.ms = 60000
	transactional.id = null
	value.serializer = class org.apache.kafka.common.serialization.StringSerializer

15:22:36.547 [scala-execution-context-global-18] INFO  o.a.kafka.common.utils.AppInfoParser - Kafka version : 2.1.1
15:22:36.547 [scala-execution-context-global-18] INFO  o.a.kafka.common.utils.AppInfoParser - Kafka commitId : 21234bee31165527
15:22:36.548 [scala-execution-context-global-17] INFO  o.a.kafka.common.utils.AppInfoParser - Kafka version : 2.1.1
15:22:36.548 [scala-execution-context-global-17] INFO  o.a.kafka.common.utils.AppInfoParser - Kafka commitId : 21234bee31165527
15:22:36.634 [kafka-producer-network-thread | producer-2] INFO  org.apache.kafka.clients.Metadata - Cluster ID: 82LJLksWSM2s5JRot9lpPg
15:22:36.686 [scala-execution-context-global-17] INFO  o.a.k.clients.producer.KafkaProducer - [Producer clientId=producer-2] Closing the Kafka producer with timeoutMillis = 9223372036854775807 ms.
15:22:36.996 [kafka-producer-network-thread | producer-1] INFO  org.apache.kafka.clients.Metadata - Cluster ID: 82LJLksWSM2s5JRot9lpPg
15:22:37.015 [scala-execution-context-global-18] INFO  o.a.k.clients.producer.KafkaProducer - [Producer clientId=producer-1] Closing the Kafka producer with timeoutMillis = 9223372036854775807 ms.
15:22:43.562 [default-akka.actor.default-dispatcher-5] INFO  directoryWatch$ - file: C:\Users\nika.khvedelidze\Desktop\akkaStreamDirectory\src\data\Nika1.csv is being processed
15:22:43.629 [default-akka.actor.default-dispatcher-5] INFO  o.a.k.c.producer.ProducerConfig - ProducerConfig values: 
	acks = 1
	batch.size = 16384
	bootstrap.servers = [10.13.69.96:29092]
	buffer.memory = 33554432
	client.dns.lookup = default
	client.id = 
	compression.type = none
	connections.max.idle.ms = 540000
	delivery.timeout.ms = 120000
	enable.idempotence = false
	interceptor.classes = []
	key.serializer = class org.apache.kafka.common.serialization.StringSerializer
	linger.ms = 0
	max.block.ms = 60000
	max.in.flight.requests.per.connection = 5
	max.request.size = 1048576
	metadata.max.age.ms = 300000
	metric.reporters = []
	metrics.num.samples = 2
	metrics.recording.level = INFO
	metrics.sample.window.ms = 30000
	partitioner.class = class org.apache.kafka.clients.producer.internals.DefaultPartitioner
	receive.buffer.bytes = 32768
	reconnect.backoff.max.ms = 1000
	reconnect.backoff.ms = 50
	request.timeout.ms = 30000
	retries = 2147483647
	retry.backoff.ms = 100
	sasl.client.callback.handler.class = null
	sasl.jaas.config = null
	sasl.kerberos.kinit.cmd = /usr/bin/kinit
	sasl.kerberos.min.time.before.relogin = 60000
	sasl.kerberos.service.name = null
	sasl.kerberos.ticket.renew.jitter = 0.05
	sasl.kerberos.ticket.renew.window.factor = 0.8
	sasl.login.callback.handler.class = null
	sasl.login.class = null
	sasl.login.refresh.buffer.seconds = 300
	sasl.login.refresh.min.period.seconds = 60
	sasl.login.refresh.window.factor = 0.8
	sasl.login.refresh.window.jitter = 0.05
	sasl.mechanism = GSSAPI
	security.protocol = PLAINTEXT
	send.buffer.bytes = 131072
	ssl.cipher.suites = null
	ssl.enabled.protocols = [TLSv1.2, TLSv1.1, TLSv1]
	ssl.endpoint.identification.algorithm = https
	ssl.key.password = null
	ssl.keymanager.algorithm = SunX509
	ssl.keystore.location = null
	ssl.keystore.password = null
	ssl.keystore.type = JKS
	ssl.protocol = TLS
	ssl.provider = null
	ssl.secure.random.implementation = null
	ssl.trustmanager.algorithm = PKIX
	ssl.truststore.location = null
	ssl.truststore.password = null
	ssl.truststore.type = JKS
	transaction.timeout.ms = 60000
	transactional.id = null
	value.serializer = class org.apache.kafka.common.serialization.StringSerializer

15:22:43.640 [default-akka.actor.default-dispatcher-5] INFO  o.a.kafka.common.utils.AppInfoParser - Kafka version : 2.1.1
15:22:43.640 [default-akka.actor.default-dispatcher-5] INFO  o.a.kafka.common.utils.AppInfoParser - Kafka commitId : 21234bee31165527
15:22:43.794 [kafka-producer-network-thread | producer-3] INFO  org.apache.kafka.clients.Metadata - Cluster ID: 82LJLksWSM2s5JRot9lpPg
15:22:44.364 [default-akka.kafka.default-dispatcher-22] INFO  o.a.k.clients.producer.KafkaProducer - [Producer clientId=producer-3] Closing the Kafka producer with timeoutMillis = 60000 ms.
15:22:44.370 [scala-execution-context-global-18] INFO  directoryWatch$ - file: C:\Users\nika.khvedelidze\Desktop\akkaStreamDirectory\src\data\Nika1.csv is moved to C:\Users\nika.khvedelidze\Desktop\akkaStreamDirectory\src\sent\
15:22:47.730 [default-akka.actor.default-dispatcher-5] INFO  directoryWatch$ - file: C:\Users\nika.khvedelidze\Desktop\akkaStreamDirectory\src\data\simple1.json is being processed
15:22:47.732 [default-akka.actor.default-dispatcher-5] INFO  o.a.k.c.producer.ProducerConfig - ProducerConfig values: 
	acks = 1
	batch.size = 16384
	bootstrap.servers = [10.13.69.96:29092]
	buffer.memory = 33554432
	client.dns.lookup = default
	client.id = 
	compression.type = none
	connections.max.idle.ms = 540000
	delivery.timeout.ms = 120000
	enable.idempotence = false
	interceptor.classes = []
	key.serializer = class org.apache.kafka.common.serialization.StringSerializer
	linger.ms = 0
	max.block.ms = 60000
	max.in.flight.requests.per.connection = 5
	max.request.size = 1048576
	metadata.max.age.ms = 300000
	metric.reporters = []
	metrics.num.samples = 2
	metrics.recording.level = INFO
	metrics.sample.window.ms = 30000
	partitioner.class = class org.apache.kafka.clients.producer.internals.DefaultPartitioner
	receive.buffer.bytes = 32768
	reconnect.backoff.max.ms = 1000
	reconnect.backoff.ms = 50
	request.timeout.ms = 30000
	retries = 2147483647
	retry.backoff.ms = 100
	sasl.client.callback.handler.class = null
	sasl.jaas.config = null
	sasl.kerberos.kinit.cmd = /usr/bin/kinit
	sasl.kerberos.min.time.before.relogin = 60000
	sasl.kerberos.service.name = null
	sasl.kerberos.ticket.renew.jitter = 0.05
	sasl.kerberos.ticket.renew.window.factor = 0.8
	sasl.login.callback.handler.class = null
	sasl.login.class = null
	sasl.login.refresh.buffer.seconds = 300
	sasl.login.refresh.min.period.seconds = 60
	sasl.login.refresh.window.factor = 0.8
	sasl.login.refresh.window.jitter = 0.05
	sasl.mechanism = GSSAPI
	security.protocol = PLAINTEXT
	send.buffer.bytes = 131072
	ssl.cipher.suites = null
	ssl.enabled.protocols = [TLSv1.2, TLSv1.1, TLSv1]
	ssl.endpoint.identification.algorithm = https
	ssl.key.password = null
	ssl.keymanager.algorithm = SunX509
	ssl.keystore.location = null
	ssl.keystore.password = null
	ssl.keystore.type = JKS
	ssl.protocol = TLS
	ssl.provider = null
	ssl.secure.random.implementation = null
	ssl.trustmanager.algorithm = PKIX
	ssl.truststore.location = null
	ssl.truststore.password = null
	ssl.truststore.type = JKS
	transaction.timeout.ms = 60000
	transactional.id = null
	value.serializer = class org.apache.kafka.common.serialization.StringSerializer

15:22:47.734 [default-akka.actor.default-dispatcher-5] INFO  o.a.kafka.common.utils.AppInfoParser - Kafka version : 2.1.1
15:22:47.734 [default-akka.actor.default-dispatcher-5] INFO  o.a.kafka.common.utils.AppInfoParser - Kafka commitId : 21234bee31165527
15:22:47.744 [kafka-producer-network-thread | producer-4] INFO  org.apache.kafka.clients.Metadata - Cluster ID: 82LJLksWSM2s5JRot9lpPg
15:22:47.831 [default-akka.kafka.default-dispatcher-33] INFO  o.a.k.clients.producer.KafkaProducer - [Producer clientId=producer-4] Closing the Kafka producer with timeoutMillis = 60000 ms.
15:22:47.835 [scala-execution-context-global-18] INFO  directoryWatch$ - file: C:\Users\nika.khvedelidze\Desktop\akkaStreamDirectory\src\data\simple1.json is moved to C:\Users\nika.khvedelidze\Desktop\akkaStreamDirectory\src\sent\
15:47:56.269 - file: C:\Users\nika.khvedelidze\Desktop\akkaStreamDirectory\src\data\Nika0.csv is being processed
15:47:56.358 - ProducerConfig values: 
	acks = 1
	batch.size = 16384
	bootstrap.servers = [10.13.69.96:29092]
	buffer.memory = 33554432
	client.dns.lookup = default
	client.id = 
	compression.type = none
	connections.max.idle.ms = 540000
	delivery.timeout.ms = 120000
	enable.idempotence = false
	interceptor.classes = []
	key.serializer = class org.apache.kafka.common.serialization.StringSerializer
	linger.ms = 0
	max.block.ms = 60000
	max.in.flight.requests.per.connection = 5
	max.request.size = 1048576
	metadata.max.age.ms = 300000
	metric.reporters = []
	metrics.num.samples = 2
	metrics.recording.level = INFO
	metrics.sample.window.ms = 30000
	partitioner.class = class org.apache.kafka.clients.producer.internals.DefaultPartitioner
	receive.buffer.bytes = 32768
	reconnect.backoff.max.ms = 1000
	reconnect.backoff.ms = 50
	request.timeout.ms = 30000
	retries = 2147483647
	retry.backoff.ms = 100
	sasl.client.callback.handler.class = null
	sasl.jaas.config = null
	sasl.kerberos.kinit.cmd = /usr/bin/kinit
	sasl.kerberos.min.time.before.relogin = 60000
	sasl.kerberos.service.name = null
	sasl.kerberos.ticket.renew.jitter = 0.05
	sasl.kerberos.ticket.renew.window.factor = 0.8
	sasl.login.callback.handler.class = null
	sasl.login.class = null
	sasl.login.refresh.buffer.seconds = 300
	sasl.login.refresh.min.period.seconds = 60
	sasl.login.refresh.window.factor = 0.8
	sasl.login.refresh.window.jitter = 0.05
	sasl.mechanism = GSSAPI
	security.protocol = PLAINTEXT
	send.buffer.bytes = 131072
	ssl.cipher.suites = null
	ssl.enabled.protocols = [TLSv1.2, TLSv1.1, TLSv1]
	ssl.endpoint.identification.algorithm = https
	ssl.key.password = null
	ssl.keymanager.algorithm = SunX509
	ssl.keystore.location = null
	ssl.keystore.password = null
	ssl.keystore.type = JKS
	ssl.protocol = TLS
	ssl.provider = null
	ssl.secure.random.implementation = null
	ssl.trustmanager.algorithm = PKIX
	ssl.truststore.location = null
	ssl.truststore.password = null
	ssl.truststore.type = JKS
	transaction.timeout.ms = 60000
	transactional.id = null
	value.serializer = class org.apache.kafka.common.serialization.StringSerializer

15:47:56.722 - Kafka version : 2.1.1
15:47:56.722 - Kafka commitId : 21234bee31165527
15:47:56.986 - Cluster ID: 82LJLksWSM2s5JRot9lpPg
15:47:57.675 - [Producer clientId=producer-1] Closing the Kafka producer with timeoutMillis = 60000 ms.
15:47:57.687 - file: C:\Users\nika.khvedelidze\Desktop\akkaStreamDirectory\src\data\Nika0.csv is moved to C:\Users\nika.khvedelidze\Desktop\akkaStreamDirectory\src\sent\
